2016-09-12T16:40:54+03:00 ERR (3): [E_WARNING]: unlink(/var/www/html/siberian_1/var/cache/css): Is a directory in /var/www/html/siberian_1/lib/Siberian/Cache.php line 138
2016-09-12T16:40:54+03:00 ERR (3): [E_WARNING]: unlink(/var/www/html/siberian_1/var/cache/images): Is a directory in /var/www/html/siberian_1/lib/Siberian/Cache.php line 138
2016-09-12T16:41:11+03:00 ERR (3): [E_WARNING]: Invalid argument supplied for foreach() in /var/www/html/siberian_1/app/sae/modules/Installer/Model/Installer/Module/Parser.php line 366
2016-09-12T16:41:11+03:00 ERR (3): [E_WARNING]: Invalid argument supplied for foreach() in /var/www/html/siberian_1/app/sae/modules/Installer/Model/Installer/Module/Parser.php line 366
2016-09-12T16:41:11+03:00 ERR (3): [E_STRICT]: Declaration of Application_Model_Option::getUrl() should be compatible with Core_Model_Default_Abstract::getUrl($url = '', array $params = Array, $locale = NULL) in /var/www/html/siberian_1/app/sae/modules/Application/Model/Option.php line 0
2016-09-12T16:41:11+03:00 ERR (3): [E_STRICT]: Declaration of Application_Model_Option::getPath() should be compatible with Core_Model_Default_Abstract::getPath($uri = '', array $params = Array, $locale = NULL) in /var/www/html/siberian_1/app/sae/modules/Application/Model/Option.php line 0
2016-09-12T16:41:17+03:00 ERR (3): [E_WARNING]: include(/var/www/html/siberian_1): failed to open stream: Success in /var/www/html/siberian_1/lib/Zend/View.php line 108
2016-09-12T16:41:17+03:00 ERR (3): [E_WARNING]: include(): Failed opening '/var/www/html/siberian_1/' for inclusion (include_path='/var/www/html/siberian_1/lib:/var/www/html/siberian_1/app/local/modules:/var/www/html/siberian_1/app/sae/modules') in /var/www/html/siberian_1/lib/Zend/View.php line 108
2016-09-12T16:41:17+03:00 ERR (3): [E_WARNING]: include(/var/www/html/siberian_1): failed to open stream: No such file or directory in /var/www/html/siberian_1/lib/Zend/View.php line 108
2016-09-12T16:41:17+03:00 ERR (3): [E_WARNING]: include(): Failed opening '/var/www/html/siberian_1/' for inclusion (include_path='/var/www/html/siberian_1/lib:/var/www/html/siberian_1/app/local/modules:/var/www/html/siberian_1/app/sae/modules') in /var/www/html/siberian_1/lib/Zend/View.php line 108
2016-09-12T16:41:21+03:00 ERR (3): [E_WARNING]: Creating default object from empty value in /var/www/html/siberian_1/app/sae/modules/Front/controllers/ErrorController.php line 51
2016-09-12T16:41:21+03:00 ERR (3): [E_WARNING]: include(/var/www/html/siberian_1): failed to open stream: No such file or directory in /var/www/html/siberian_1/lib/Zend/View.php line 108
2016-09-12T16:41:21+03:00 ERR (3): [E_WARNING]: include(): Failed opening '/var/www/html/siberian_1/' for inclusion (include_path='/var/www/html/siberian_1/lib:/var/www/html/siberian_1/app/local/modules:/var/www/html/siberian_1/app/sae/modules') in /var/www/html/siberian_1/lib/Zend/View.php line 108
2016-09-12T16:41:28+03:00 ERR (3): [E_STRICT]: gmmktime(): You should be using the time() function instead in /var/www/html/siberian_1/app/sae/modules/Analytics/controllers/Mobile/StoreController.php line 26
2016-09-12T16:41:28+03:00 ERR (3): [E_STRICT]: gmmktime(): You should be using the time() function instead in /var/www/html/siberian_1/app/sae/modules/Analytics/controllers/Mobile/StoreController.php line 27
2016-09-12T16:41:28+03:00 ERR (3): [E_DEPRECATED]: Non-static method Siberian_Wrapper_Sqlite::getInstance() should not be called statically, assuming $this from incompatible context in /var/www/html/siberian_1/app/sae/modules/Analytics/Model/Store.php line 69
2016-09-12T16:41:38+03:00 ERR (3): [E_STRICT]: Declaration of Application_Model_Option::getUrl() should be compatible with Core_Model_Default_Abstract::getUrl($url = '', array $params = Array, $locale = NULL) in /var/www/html/siberian_1/app/sae/modules/Application/Model/Option.php line 0
2016-09-12T16:41:38+03:00 ERR (3): [E_STRICT]: Declaration of Application_Model_Option::getPath() should be compatible with Core_Model_Default_Abstract::getPath($uri = '', array $params = Array, $locale = NULL) in /var/www/html/siberian_1/app/sae/modules/Application/Model/Option.php line 0
2016-09-12T16:41:46+03:00 ERR (3): [E_WARNING]: include(/var/www/html/siberian_1): failed to open stream: Success in /var/www/html/siberian_1/lib/Zend/View.php line 108
2016-09-12T16:41:46+03:00 ERR (3): [E_WARNING]: include(): Failed opening '/var/www/html/siberian_1/' for inclusion (include_path='/var/www/html/siberian_1/lib:/var/www/html/siberian_1/app/local/modules:/var/www/html/siberian_1/app/sae/modules') in /var/www/html/siberian_1/lib/Zend/View.php line 108
2016-09-12T16:41:46+03:00 ERR (3): [E_WARNING]: include(/var/www/html/siberian_1): failed to open stream: Success in /var/www/html/siberian_1/lib/Zend/View.php line 108
2016-09-12T16:41:46+03:00 ERR (3): [E_WARNING]: include(): Failed opening '/var/www/html/siberian_1/' for inclusion (include_path='/var/www/html/siberian_1/lib:/var/www/html/siberian_1/app/local/modules:/var/www/html/siberian_1/app/sae/modules') in /var/www/html/siberian_1/lib/Zend/View.php line 108
2016-09-12T16:41:47+03:00 ERR (3): [E_WARNING]: Creating default object from empty value in /var/www/html/siberian_1/app/sae/modules/Front/controllers/ErrorController.php line 51
2016-09-12T16:41:47+03:00 ERR (3): [E_WARNING]: include(/var/www/html/siberian_1): failed to open stream: No such file or directory in /var/www/html/siberian_1/lib/Zend/View.php line 108
2016-09-12T16:41:47+03:00 ERR (3): [E_WARNING]: include(): Failed opening '/var/www/html/siberian_1/' for inclusion (include_path='/var/www/html/siberian_1/lib:/var/www/html/siberian_1/app/local/modules:/var/www/html/siberian_1/app/sae/modules') in /var/www/html/siberian_1/lib/Zend/View.php line 108
2016-09-12T16:41:49+03:00 ERR (3): [E_STRICT]: gmmktime(): You should be using the time() function instead in /var/www/html/siberian_1/app/sae/modules/Analytics/controllers/Mobile/StoreController.php line 26
2016-09-12T16:41:49+03:00 ERR (3): [E_STRICT]: gmmktime(): You should be using the time() function instead in /var/www/html/siberian_1/app/sae/modules/Analytics/controllers/Mobile/StoreController.php line 27
2016-09-12T16:41:49+03:00 ERR (3): [E_DEPRECATED]: Non-static method Siberian_Wrapper_Sqlite::getInstance() should not be called statically, assuming $this from incompatible context in /var/www/html/siberian_1/app/sae/modules/Analytics/Model/Store.php line 69
2016-09-12T16:41:50+03:00 ERR (3): [E_STRICT]: Declaration of Application_Model_Option::getUrl() should be compatible with Core_Model_Default_Abstract::getUrl($url = '', array $params = Array, $locale = NULL) in /var/www/html/siberian_1/app/sae/modules/Application/Model/Option.php line 0
2016-09-12T16:41:50+03:00 ERR (3): [E_STRICT]: Declaration of Application_Model_Option::getPath() should be compatible with Core_Model_Default_Abstract::getPath($uri = '', array $params = Array, $locale = NULL) in /var/www/html/siberian_1/app/sae/modules/Application/Model/Option.php line 0
2016-09-12T16:41:50+03:00 ERR (3): [E_STRICT]: Declaration of Application_Model_Option::getUrl() should be compatible with Core_Model_Default_Abstract::getUrl($url = '', array $params = Array, $locale = NULL) in /var/www/html/siberian_1/app/sae/modules/Application/Model/Option.php line 0
2016-09-12T16:41:50+03:00 ERR (3): [E_STRICT]: Declaration of Application_Model_Option::getPath() should be compatible with Core_Model_Default_Abstract::getPath($uri = '', array $params = Array, $locale = NULL) in /var/www/html/siberian_1/app/sae/modules/Application/Model/Option.php line 0
2016-09-12T16:41:52+03:00 ERR (3): [E_STRICT]: Declaration of Application_Model_Option::getUrl() should be compatible with Core_Model_Default_Abstract::getUrl($url = '', array $params = Array, $locale = NULL) in /var/www/html/siberian_1/app/sae/modules/Application/Model/Option.php line 0
2016-09-12T16:41:52+03:00 ERR (3): [E_STRICT]: Declaration of Application_Model_Option::getPath() should be compatible with Core_Model_Default_Abstract::getPath($uri = '', array $params = Array, $locale = NULL) in /var/www/html/siberian_1/app/sae/modules/Application/Model/Option.php line 0
2016-09-12T16:41:52+03:00 ERR (3): [E_STRICT]: Declaration of Application_Model_Option::getUrl() should be compatible with Core_Model_Default_Abstract::getUrl($url = '', array $params = Array, $locale = NULL) in /var/www/html/siberian_1/app/sae/modules/Application/Model/Option.php line 0
2016-09-12T16:41:52+03:00 ERR (3): [E_STRICT]: Declaration of Application_Model_Option::getPath() should be compatible with Core_Model_Default_Abstract::getPath($uri = '', array $params = Array, $locale = NULL) in /var/www/html/siberian_1/app/sae/modules/Application/Model/Option.php line 0
2016-09-12T16:41:52+03:00 ERR (3): [E_STRICT]: Declaration of Application_Model_Option::getUrl() should be compatible with Core_Model_Default_Abstract::getUrl($url = '', array $params = Array, $locale = NULL) in /var/www/html/siberian_1/app/sae/modules/Application/Model/Option.php line 0
2016-09-12T16:41:52+03:00 ERR (3): [E_STRICT]: Declaration of Application_Model_Option::getPath() should be compatible with Core_Model_Default_Abstract::getPath($uri = '', array $params = Array, $locale = NULL) in /var/www/html/siberian_1/app/sae/modules/Application/Model/Option.php line 0
2016-09-12T16:41:56+03:00 ERR (3): [E_STRICT]: Declaration of Application_Model_Option::getUrl() should be compatible with Core_Model_Default_Abstract::getUrl($url = '', array $params = Array, $locale = NULL) in /var/www/html/siberian_1/app/sae/modules/Application/Model/Option.php line 0
2016-09-12T16:41:56+03:00 ERR (3): [E_STRICT]: Declaration of Application_Model_Option::getPath() should be compatible with Core_Model_Default_Abstract::getPath($uri = '', array $params = Array, $locale = NULL) in /var/www/html/siberian_1/app/sae/modules/Application/Model/Option.php line 0
2016-09-12T16:41:57+03:00 ERR (3): [E_STRICT]: Declaration of Application_Model_Option::getUrl() should be compatible with Core_Model_Default_Abstract::getUrl($url = '', array $params = Array, $locale = NULL) in /var/www/html/siberian_1/app/sae/modules/Application/Model/Option.php line 0
2016-09-12T16:41:57+03:00 ERR (3): [E_STRICT]: Declaration of Application_Model_Option::getPath() should be compatible with Core_Model_Default_Abstract::getPath($uri = '', array $params = Array, $locale = NULL) in /var/www/html/siberian_1/app/sae/modules/Application/Model/Option.php line 0
2016-09-12T16:41:57+03:00 ERR (3): [E_STRICT]: Declaration of Application_Model_Option::getUrl() should be compatible with Core_Model_Default_Abstract::getUrl($url = '', array $params = Array, $locale = NULL) in /var/www/html/siberian_1/app/sae/modules/Application/Model/Option.php line 0
2016-09-12T16:41:57+03:00 ERR (3): [E_STRICT]: Declaration of Application_Model_Option::getPath() should be compatible with Core_Model_Default_Abstract::getPath($uri = '', array $params = Array, $locale = NULL) in /var/www/html/siberian_1/app/sae/modules/Application/Model/Option.php line 0
2016-09-12T16:41:58+03:00 ERR (3): [E_STRICT]: Declaration of Application_Model_Option::getUrl() should be compatible with Core_Model_Default_Abstract::getUrl($url = '', array $params = Array, $locale = NULL) in /var/www/html/siberian_1/app/sae/modules/Application/Model/Option.php line 0
2016-09-12T16:41:58+03:00 ERR (3): [E_STRICT]: Declaration of Application_Model_Option::getPath() should be compatible with Core_Model_Default_Abstract::getPath($uri = '', array $params = Array, $locale = NULL) in /var/www/html/siberian_1/app/sae/modules/Application/Model/Option.php line 0
2016-09-12T16:42:01+03:00 ERR (3): [E_STRICT]: Declaration of Application_Model_Option::getUrl() should be compatible with Core_Model_Default_Abstract::getUrl($url = '', array $params = Array, $locale = NULL) in /var/www/html/siberian_1/app/sae/modules/Application/Model/Option.php line 0
2016-09-12T16:42:01+03:00 ERR (3): [E_STRICT]: Declaration of Application_Model_Option::getPath() should be compatible with Core_Model_Default_Abstract::getPath($uri = '', array $params = Array, $locale = NULL) in /var/www/html/siberian_1/app/sae/modules/Application/Model/Option.php line 0
2016-09-12T16:42:01+03:00 ERR (3): [E_STRICT]: Declaration of Application_Model_Option::getUrl() should be compatible with Core_Model_Default_Abstract::getUrl($url = '', array $params = Array, $locale = NULL) in /var/www/html/siberian_1/app/sae/modules/Application/Model/Option.php line 0
2016-09-12T16:42:01+03:00 ERR (3): [E_STRICT]: Declaration of Application_Model_Option::getPath() should be compatible with Core_Model_Default_Abstract::getPath($uri = '', array $params = Array, $locale = NULL) in /var/www/html/siberian_1/app/sae/modules/Application/Model/Option.php line 0
2016-09-12T16:42:02+03:00 ERR (3): [E_STRICT]: Declaration of Application_Model_Option::getUrl() should be compatible with Core_Model_Default_Abstract::getUrl($url = '', array $params = Array, $locale = NULL) in /var/www/html/siberian_1/app/sae/modules/Application/Model/Option.php line 0
2016-09-12T16:42:02+03:00 ERR (3): [E_STRICT]: Declaration of Application_Model_Option::getPath() should be compatible with Core_Model_Default_Abstract::getPath($uri = '', array $params = Array, $locale = NULL) in /var/www/html/siberian_1/app/sae/modules/Application/Model/Option.php line 0
2016-09-12T16:42:41+03:00 ERR (3): [E_STRICT]: Declaration of Application_Model_Option::getUrl() should be compatible with Core_Model_Default_Abstract::getUrl($url = '', array $params = Array, $locale = NULL) in /var/www/html/siberian_1/app/sae/modules/Application/Model/Option.php line 0
2016-09-12T16:42:41+03:00 ERR (3): [E_STRICT]: Declaration of Application_Model_Option::getPath() should be compatible with Core_Model_Default_Abstract::getPath($uri = '', array $params = Array, $locale = NULL) in /var/www/html/siberian_1/app/sae/modules/Application/Model/Option.php line 0
2016-09-12T16:42:41+03:00 ERR (3): [E_STRICT]: Declaration of Application_Model_Option::getUrl() should be compatible with Core_Model_Default_Abstract::getUrl($url = '', array $params = Array, $locale = NULL) in /var/www/html/siberian_1/app/sae/modules/Application/Model/Option.php line 0
2016-09-12T16:42:41+03:00 ERR (3): [E_STRICT]: Declaration of Application_Model_Option::getPath() should be compatible with Core_Model_Default_Abstract::getPath($uri = '', array $params = Array, $locale = NULL) in /var/www/html/siberian_1/app/sae/modules/Application/Model/Option.php line 0
2016-09-12T16:42:43+03:00 ERR (3): [E_STRICT]: Declaration of Application_Model_Option::getUrl() should be compatible with Core_Model_Default_Abstract::getUrl($url = '', array $params = Array, $locale = NULL) in /var/www/html/siberian_1/app/sae/modules/Application/Model/Option.php line 0
2016-09-12T16:42:43+03:00 ERR (3): [E_STRICT]: Declaration of Application_Model_Option::getPath() should be compatible with Core_Model_Default_Abstract::getPath($uri = '', array $params = Array, $locale = NULL) in /var/www/html/siberian_1/app/sae/modules/Application/Model/Option.php line 0
2016-09-12T16:42:44+03:00 ERR (3): [E_STRICT]: Declaration of Application_Model_Option::getUrl() should be compatible with Core_Model_Default_Abstract::getUrl($url = '', array $params = Array, $locale = NULL) in /var/www/html/siberian_1/app/sae/modules/Application/Model/Option.php line 0
2016-09-12T16:42:44+03:00 ERR (3): [E_STRICT]: Declaration of Application_Model_Option::getPath() should be compatible with Core_Model_Default_Abstract::getPath($uri = '', array $params = Array, $locale = NULL) in /var/www/html/siberian_1/app/sae/modules/Application/Model/Option.php line 0
2016-09-12T16:42:44+03:00 ERR (3): [E_STRICT]: Declaration of Application_Model_Option::getUrl() should be compatible with Core_Model_Default_Abstract::getUrl($url = '', array $params = Array, $locale = NULL) in /var/www/html/siberian_1/app/sae/modules/Application/Model/Option.php line 0
2016-09-12T16:42:44+03:00 ERR (3): [E_STRICT]: Declaration of Application_Model_Option::getPath() should be compatible with Core_Model_Default_Abstract::getPath($uri = '', array $params = Array, $locale = NULL) in /var/www/html/siberian_1/app/sae/modules/Application/Model/Option.php line 0
2016-09-12T16:42:45+03:00 ERR (3): [E_STRICT]: Declaration of Application_Model_Option::getUrl() should be compatible with Core_Model_Default_Abstract::getUrl($url = '', array $params = Array, $locale = NULL) in /var/www/html/siberian_1/app/sae/modules/Application/Model/Option.php line 0
2016-09-12T16:42:45+03:00 ERR (3): [E_STRICT]: Declaration of Application_Model_Option::getPath() should be compatible with Core_Model_Default_Abstract::getPath($uri = '', array $params = Array, $locale = NULL) in /var/www/html/siberian_1/app/sae/modules/Application/Model/Option.php line 0
2016-09-12T16:42:46+03:00 ERR (3): [E_STRICT]: Declaration of Application_Model_Option::getUrl() should be compatible with Core_Model_Default_Abstract::getUrl($url = '', array $params = Array, $locale = NULL) in /var/www/html/siberian_1/app/sae/modules/Application/Model/Option.php line 0
2016-09-12T16:42:46+03:00 ERR (3): [E_STRICT]: Declaration of Application_Model_Option::getPath() should be compatible with Core_Model_Default_Abstract::getPath($uri = '', array $params = Array, $locale = NULL) in /var/www/html/siberian_1/app/sae/modules/Application/Model/Option.php line 0
2016-09-12T16:42:46+03:00 ERR (3): [E_STRICT]: Declaration of Application_Model_Option::getUrl() should be compatible with Core_Model_Default_Abstract::getUrl($url = '', array $params = Array, $locale = NULL) in /var/www/html/siberian_1/app/sae/modules/Application/Model/Option.php line 0
2016-09-12T16:42:46+03:00 ERR (3): [E_STRICT]: Declaration of Application_Model_Option::getPath() should be compatible with Core_Model_Default_Abstract::getPath($uri = '', array $params = Array, $locale = NULL) in /var/www/html/siberian_1/app/sae/modules/Application/Model/Option.php line 0
2016-09-12T16:42:47+03:00 ERR (3): [E_STRICT]: Declaration of Application_Model_Option::getUrl() should be compatible with Core_Model_Default_Abstract::getUrl($url = '', array $params = Array, $locale = NULL) in /var/www/html/siberian_1/app/sae/modules/Application/Model/Option.php line 0
2016-09-12T16:42:47+03:00 ERR (3): [E_STRICT]: Declaration of Application_Model_Option::getPath() should be compatible with Core_Model_Default_Abstract::getPath($uri = '', array $params = Array, $locale = NULL) in /var/www/html/siberian_1/app/sae/modules/Application/Model/Option.php line 0
2016-09-12T16:42:48+03:00 ERR (3): [E_STRICT]: Declaration of Application_Model_Option::getUrl() should be compatible with Core_Model_Default_Abstract::getUrl($url = '', array $params = Array, $locale = NULL) in /var/www/html/siberian_1/app/sae/modules/Application/Model/Option.php line 0
2016-09-12T16:42:48+03:00 ERR (3): [E_STRICT]: Declaration of Application_Model_Option::getPath() should be compatible with Core_Model_Default_Abstract::getPath($uri = '', array $params = Array, $locale = NULL) in /var/www/html/siberian_1/app/sae/modules/Application/Model/Option.php line 0
2016-09-12T16:42:48+03:00 ERR (3): [E_STRICT]: Declaration of Application_Model_Option::getUrl() should be compatible with Core_Model_Default_Abstract::getUrl($url = '', array $params = Array, $locale = NULL) in /var/www/html/siberian_1/app/sae/modules/Application/Model/Option.php line 0
2016-09-12T16:42:48+03:00 ERR (3): [E_STRICT]: Declaration of Application_Model_Option::getPath() should be compatible with Core_Model_Default_Abstract::getPath($uri = '', array $params = Array, $locale = NULL) in /var/www/html/siberian_1/app/sae/modules/Application/Model/Option.php line 0
2016-09-12T16:42:48+03:00 ERR (3): [E_STRICT]: Declaration of Application_Model_Option::getUrl() should be compatible with Core_Model_Default_Abstract::getUrl($url = '', array $params = Array, $locale = NULL) in /var/www/html/siberian_1/app/sae/modules/Application/Model/Option.php line 0
2016-09-12T16:42:48+03:00 ERR (3): [E_STRICT]: Declaration of Application_Model_Option::getPath() should be compatible with Core_Model_Default_Abstract::getPath($uri = '', array $params = Array, $locale = NULL) in /var/www/html/siberian_1/app/sae/modules/Application/Model/Option.php line 0
2016-09-12T16:42:49+03:00 ERR (3): [E_STRICT]: Declaration of Application_Model_Option::getUrl() should be compatible with Core_Model_Default_Abstract::getUrl($url = '', array $params = Array, $locale = NULL) in /var/www/html/siberian_1/app/sae/modules/Application/Model/Option.php line 0
2016-09-12T16:42:49+03:00 ERR (3): [E_STRICT]: Declaration of Application_Model_Option::getPath() should be compatible with Core_Model_Default_Abstract::getPath($uri = '', array $params = Array, $locale = NULL) in /var/www/html/siberian_1/app/sae/modules/Application/Model/Option.php line 0
2016-09-12T16:42:50+03:00 ERR (3): [E_STRICT]: Declaration of Application_Model_Option::getUrl() should be compatible with Core_Model_Default_Abstract::getUrl($url = '', array $params = Array, $locale = NULL) in /var/www/html/siberian_1/app/sae/modules/Application/Model/Option.php line 0
2016-09-12T16:42:50+03:00 ERR (3): [E_STRICT]: Declaration of Application_Model_Option::getPath() should be compatible with Core_Model_Default_Abstract::getPath($uri = '', array $params = Array, $locale = NULL) in /var/www/html/siberian_1/app/sae/modules/Application/Model/Option.php line 0
2016-09-12T16:42:51+03:00 ERR (3): [E_STRICT]: Declaration of Application_Model_Option::getUrl() should be compatible with Core_Model_Default_Abstract::getUrl($url = '', array $params = Array, $locale = NULL) in /var/www/html/siberian_1/app/sae/modules/Application/Model/Option.php line 0
2016-09-12T16:42:51+03:00 ERR (3): [E_STRICT]: Declaration of Application_Model_Option::getPath() should be compatible with Core_Model_Default_Abstract::getPath($uri = '', array $params = Array, $locale = NULL) in /var/www/html/siberian_1/app/sae/modules/Application/Model/Option.php line 0
